  Building Custom Rule C:/Users/neilb_000/Desktop/Depot/Courses/4490/W16/assignments/A1VS2015/A1/A1/trace/trace_skel/Trace/fltk-1.3.3/src/CMakeLists.txt
  CMake does not need to re-run because C:\Users\neilb_000\Desktop\Depot\Courses\4490\W16\assignments\A1VS2015\A1\A1\trace\trace_skel\Trace\fltk-1.3.3\build\src\CMakeFiles\generate.stamp is up-to-date.
  Fl.cxx
c:\users\neilb_000\desktop\depot\courses\4490\w16\assignments\a1vs2015\a1\a1\trace\trace_skel\trace\fltk-1.3.3\src\Fl_win32.cxx(760): warning C4244: 'initializing': conversion from 'double' to 'float', possible loss of data
c:\users\neilb_000\desktop\depot\courses\4490\w16\assignments\a1vs2015\a1\a1\trace\trace_skel\trace\fltk-1.3.3\src\Fl_win32.cxx(761): warning C4244: 'initializing': conversion from 'double' to 'float', possible loss of data
c:\users\neilb_000\desktop\depot\courses\4490\w16\assignments\a1vs2015\a1\a1\trace\trace_skel\trace\fltk-1.3.3\src\Fl_win32.cxx(762): warning C4244: '/=': conversion from 'float' to 'int', possible loss of data
  Fl_Adjuster.cxx
  Fl_Bitmap.cxx
  Fl_Browser.cxx
  Fl_Browser_.cxx
  Fl_Browser_load.cxx
  Fl_Box.cxx
  Fl_Button.cxx
  Fl_Chart.cxx
  Fl_Check_Browser.cxx
  Fl_Check_Button.cxx
  Fl_Choice.cxx
  Fl_Clock.cxx
  Fl_Color_Chooser.cxx
  Fl_Copy_Surface.cxx
C:\Users\neilb_000\Desktop\Depot\Courses\4490\W16\assignments\A1VS2015\A1\A1\trace\trace_skel\Trace\fltk-1.3.3\src\Fl_Copy_Surface.cxx(94): warning C4244: 'initializing': conversion from 'double' to 'float', possible loss of data
C:\Users\neilb_000\Desktop\Depot\Courses\4490\W16\assignments\A1VS2015\A1\A1\trace\trace_skel\Trace\fltk-1.3.3\src\Fl_Copy_Surface.cxx(95): warning C4244: 'initializing': conversion from 'double' to 'float', possible loss of data
C:\Users\neilb_000\Desktop\Depot\Courses\4490\W16\assignments\A1VS2015\A1\A1\trace\trace_skel\Trace\fltk-1.3.3\src\Fl_Copy_Surface.cxx(97): warning C4244: '=': conversion from 'float' to 'LONG', possible loss of data
  Fl_Counter.cxx
  Fl_Device.cxx
  Fl_Dial.cxx
  Fl_Help_Dialog_Dox.cxx
  Fl_Double_Window.cxx
  Generating Code...
  Compiling...
  Fl_File_Browser.cxx
  Fl_File_Chooser.cxx
  Fl_File_Chooser2.cxx
  Fl_File_Icon.cxx
  Fl_File_Input.cxx
  Fl_Group.cxx
  Fl_Help_View.cxx
  Fl_Image.cxx
C:\Users\neilb_000\Desktop\Depot\Courses\4490\W16\assignments\A1VS2015\A1\A1\trace\trace_skel\Trace\fltk-1.3.3\src\Fl_Image.cxx(306): warning C4244: '=': conversion from 'int' to 'float', possible loss of data
C:\Users\neilb_000\Desktop\Depot\Courses\4490\W16\assignments\A1VS2015\A1\A1\trace\trace_skel\Trace\fltk-1.3.3\src\Fl_Image.cxx(314): warning C4244: '=': conversion from 'int' to 'float', possible loss of data
C:\Users\neilb_000\Desktop\Depot\Courses\4490\W16\assignments\A1VS2015\A1\A1\trace\trace_skel\Trace\fltk-1.3.3\src\Fl_Image.cxx(317): warning C4244: 'initializing': conversion from 'float' to 'unsigned int', possible loss of data
C:\Users\neilb_000\Desktop\Depot\Courses\4490\W16\assignments\A1VS2015\A1\A1\trace\trace_skel\Trace\fltk-1.3.3\src\Fl_Image.cxx(317): warning C4244: 'initializing': conversion from 'float' to 'const unsigned int', possible loss of data
C:\Users\neilb_000\Desktop\Depot\Courses\4490\W16\assignments\A1VS2015\A1\A1\trace\trace_skel\Trace\fltk-1.3.3\src\Fl_Image.cxx(318): warning C4244: 'initializing': conversion from 'float' to 'unsigned int', possible loss of data
C:\Users\neilb_000\Desktop\Depot\Courses\4490\W16\assignments\A1VS2015\A1\A1\trace\trace_skel\Trace\fltk-1.3.3\src\Fl_Image.cxx(318): warning C4244: 'initializing': conversion from 'float' to 'const unsigned int', possible loss of data
C:\Users\neilb_000\Desktop\Depot\Courses\4490\W16\assignments\A1VS2015\A1\A1\trace\trace_skel\Trace\fltk-1.3.3\src\Fl_Image.cxx(319): warning C4244: 'initializing': conversion from 'float' to 'unsigned int', possible loss of data
C:\Users\neilb_000\Desktop\Depot\Courses\4490\W16\assignments\A1VS2015\A1\A1\trace\trace_skel\Trace\fltk-1.3.3\src\Fl_Image.cxx(319): warning C4244: 'initializing': conversion from 'float' to 'const unsigned int', possible loss of data
C:\Users\neilb_000\Desktop\Depot\Courses\4490\W16\assignments\A1VS2015\A1\A1\trace\trace_skel\Trace\fltk-1.3.3\src\Fl_Image.cxx(320): warning C4244: 'initializing': conversion from 'float' to 'unsigned int', possible loss of data
C:\Users\neilb_000\Desktop\Depot\Courses\4490\W16\assignments\A1VS2015\A1\A1\trace\trace_skel\Trace\fltk-1.3.3\src\Fl_Image.cxx(320): warning C4244: 'initializing': conversion from 'float' to 'const unsigned int', possible loss of data
C:\Users\neilb_000\Desktop\Depot\Courses\4490\W16\assignments\A1VS2015\A1\A1\trace\trace_skel\Trace\fltk-1.3.3\src\Fl_Image.cxx(321): warning C4244: 'initializing': conversion from 'float' to 'unsigned int', possible loss of data
C:\Users\neilb_000\Desktop\Depot\Courses\4490\W16\assignments\A1VS2015\A1\A1\trace\trace_skel\Trace\fltk-1.3.3\src\Fl_Image.cxx(321): warning C4244: 'initializing': conversion from 'float' to 'const unsigned int', possible loss of data
C:\Users\neilb_000\Desktop\Depot\Courses\4490\W16\assignments\A1VS2015\A1\A1\trace\trace_skel\Trace\fltk-1.3.3\src\Fl_Image.cxx(322): warning C4244: 'initializing': conversion from 'float' to 'unsigned int', possible loss of data
C:\Users\neilb_000\Desktop\Depot\Courses\4490\W16\assignments\A1VS2015\A1\A1\trace\trace_skel\Trace\fltk-1.3.3\src\Fl_Image.cxx(322): warning C4244: 'initializing': conversion from 'float' to 'const unsigned int', possible loss of data
C:\Users\neilb_000\Desktop\Depot\Courses\4490\W16\assignments\A1VS2015\A1\A1\trace\trace_skel\Trace\fltk-1.3.3\src\Fl_Image.cxx(335): warning C4244: '*=': conversion from 'float' to 'uchar', possible loss of data
C:\Users\neilb_000\Desktop\Depot\Courses\4490\W16\assignments\A1VS2015\A1\A1\trace\trace_skel\Trace\fltk-1.3.3\src\Fl_Image.cxx(336): warning C4244: '*=': conversion from 'float' to 'uchar', possible loss of data
C:\Users\neilb_000\Desktop\Depot\Courses\4490\W16\assignments\A1VS2015\A1\A1\trace\trace_skel\Trace\fltk-1.3.3\src\Fl_Image.cxx(337): warning C4244: '*=': conversion from 'float' to 'uchar', possible loss of data
C:\Users\neilb_000\Desktop\Depot\Courses\4490\W16\assignments\A1VS2015\A1\A1\trace\trace_skel\Trace\fltk-1.3.3\src\Fl_Image.cxx(338): warning C4244: '*=': conversion from 'float' to 'uchar', possible loss of data
C:\Users\neilb_000\Desktop\Depot\Courses\4490\W16\assignments\A1VS2015\A1\A1\trace\trace_skel\Trace\fltk-1.3.3\src\Fl_Image.cxx(351): warning C4244: '=': conversion from 'float' to 'uchar', possible loss of data
C:\Users\neilb_000\Desktop\Depot\Courses\4490\W16\assignments\A1VS2015\A1\A1\trace\trace_skel\Trace\fltk-1.3.3\src\Fl_Image.cxx(356): warning C4244: '/=': conversion from 'float' to 'uchar', possible loss of data
  Fl_Image_Surface.cxx
  Fl_Input.cxx
  Fl_Input_.cxx
  Fl_Light_Button.cxx
  Fl_Menu.cxx
  Fl_Menu_.cxx
  Fl_Menu_Bar.cxx
  Fl_Menu_Button.cxx
  Fl_Menu_Window.cxx
  Fl_Menu_add.cxx
  Fl_Menu_global.cxx
  Fl_Multi_Label.cxx
  Generating Code...
  Compiling...
  Fl_Native_File_Chooser.cxx
  Fl_Overlay_Window.cxx
  Fl_Pack.cxx
  Fl_Paged_Device.cxx
  Fl_Pixmap.cxx
  Fl_Positioner.cxx
  Fl_PostScript.cxx
  Fl_Printer.cxx
c:\users\neilb_000\desktop\depot\courses\4490\w16\assignments\a1vs2015\a1\a1\trace\trace_skel\trace\fltk-1.3.3\src\Fl_GDI_Printer.cxx(219): warning C4244: '=': conversion from 'double' to 'FLOAT', possible loss of data
c:\users\neilb_000\desktop\depot\courses\4490\w16\assignments\a1vs2015\a1\a1\trace\trace_skel\trace\fltk-1.3.3\src\Fl_GDI_Printer.cxx(220): warning C4244: '=': conversion from 'double' to 'FLOAT', possible loss of data
  Fl_Preferences.cxx
  Fl_Progress.cxx
  Fl_Repeat_Button.cxx
  Fl_Return_Button.cxx
  Fl_Roller.cxx
  Fl_Round_Button.cxx
  Fl_Scroll.cxx
  Fl_Scrollbar.cxx
  Fl_Shared_Image.cxx
  Fl_Single_Window.cxx
  Fl_Slider.cxx
  Fl_Table.cxx
  Generating Code...
  Compiling...
  Fl_Table_Row.cxx
  Fl_Tabs.cxx
  Fl_Text_Buffer.cxx
  Fl_Text_Display.cxx
  Fl_Text_Editor.cxx
  Fl_Tile.cxx
  Fl_Tiled_Image.cxx
  Fl_Tooltip.cxx
  Fl_Tree.cxx
  Fl_Tree_Item_Array.cxx
  Fl_Tree_Item.cxx
  Fl_Tree_Prefs.cxx
  Fl_Valuator.cxx
  Fl_Value_Input.cxx
  Fl_Value_Output.cxx
  Fl_Value_Slider.cxx
  Fl_Widget.cxx
  Fl_Window.cxx
  Fl_Window_fullscreen.cxx
  Fl_Window_hotspot.cxx
  Generating Code...
  Compiling...
  Fl_Window_iconize.cxx
  Fl_Window_shape.cxx
  Fl_Wizard.cxx
  Fl_XBM_Image.cxx
  Fl_XPM_Image.cxx
  Fl_abort.cxx
  Fl_add_idle.cxx
  Fl_arg.cxx
  Fl_compose.cxx
  Fl_display.cxx
  Fl_get_key.cxx
  Fl_get_system_colors.cxx
  Fl_grab.cxx
  Fl_lock.cxx
  Fl_own_colormap.cxx
  Fl_visual.cxx
  Fl_x.cxx
  filename_absolute.cxx
  filename_expand.cxx
  filename_ext.cxx
  Generating Code...
  Compiling...
  filename_isdir.cxx
  filename_list.cxx
  filename_match.cxx
  filename_setext.cxx
  fl_arc.cxx
  fl_arci.cxx
  fl_ask.cxx
  fl_boxtype.cxx
  fl_color.cxx
  fl_cursor.cxx
  fl_curve.cxx
  fl_diamond_box.cxx
  fl_dnd.cxx
  fl_draw.cxx
  fl_draw_image.cxx
  fl_draw_pixmap.cxx
  fl_engraved_label.cxx
  fl_file_dir.cxx
  fl_font.cxx
  fl_gleam.cxx
C:\Users\neilb_000\Desktop\Depot\Courses\4490\W16\assignments\A1VS2015\A1\A1\trace\trace_skel\Trace\fltk-1.3.3\src\fl_gleam.cxx(43): warning C4244: 'initializing': conversion from 'double' to 'float', possible loss of data
C:\Users\neilb_000\Desktop\Depot\Courses\4490\W16\assignments\A1VS2015\A1\A1\trace\trace_skel\Trace\fltk-1.3.3\src\fl_gleam.cxx(44): warning C4244: 'initializing': conversion from 'double' to 'float', possible loss of data
  Generating Code...
  Compiling...
  fl_gtk.cxx
  fl_labeltype.cxx
  fl_line_style.cxx
  fl_open_uri.cxx
  fl_oval_box.cxx
  fl_overlay.cxx
  fl_overlay_visual.cxx
  fl_plastic.cxx
  fl_read_image.cxx
  fl_rect.cxx
  fl_round_box.cxx
  fl_rounded_box.cxx
  fl_set_font.cxx
  fl_set_fonts.cxx
  fl_scroll_area.cxx
  fl_shadow_box.cxx
  fl_shortcut.cxx
  fl_show_colormap.cxx
  fl_symbols.cxx
  fl_vertex.cxx
  Generating Code...
  Compiling...
  ps_image.cxx
  screen_xywh.cxx
  fl_utf8.cxx
  fl_encoding_latin1.cxx
  fl_encoding_mac_roman.cxx
  Generating Code...
  flstring.c
  scandir.c
  numericsort.c
  vsnprintf.c
  is_right2left.c
  is_spacing.c
  case.c
  utf8Input.c
  utf8Utils.c
  utf8Wrap.c
  keysym2Ucs.c
  fl_utf.c
  fl_call_main.c
  Generating Code...
  fltk.vcxproj -> C:\Users\neilb_000\Desktop\Depot\Courses\4490\W16\assignments\A1VS2015\A1\A1\trace\trace_skel\Trace\fltk-1.3.3\build\lib\Debug\fltkd.lib
