c:\users\neilb_000\desktop\depot\courses\4490\w17\assignments\a1f\a1\trace\trace_skel\trace\debug\vc140.pdb
c:\users\neilb_000\desktop\depot\courses\4490\w17\assignments\a1f\a1\trace\trace_skel\trace\debug\vc140.idb
c:\users\neilb_000\desktop\depot\courses\4490\w17\assignments\a1f\a1\trace\trace_skel\trace\debug\sphere.obj
c:\users\neilb_000\desktop\depot\courses\4490\w17\assignments\a1f\a1\trace\trace_skel\trace\debug\cylinder.obj
c:\users\neilb_000\desktop\depot\courses\4490\w17\assignments\a1f\a1\trace\trace_skel\trace\debug\cone.obj
c:\users\neilb_000\desktop\depot\courses\4490\w17\assignments\a1f\a1\trace\trace_skel\trace\debug\box.obj
c:\users\neilb_000\desktop\depot\courses\4490\w17\assignments\a1f\a1\trace\trace_skel\trace\debug\scene.obj
c:\users\neilb_000\desktop\depot\courses\4490\w17\assignments\a1f\a1\trace\trace_skel\trace\debug\ray.obj
c:\users\neilb_000\desktop\depot\courses\4490\w17\assignments\a1f\a1\trace\trace_skel\trace\debug\material.obj
c:\users\neilb_000\desktop\depot\courses\4490\w17\assignments\a1f\a1\trace\trace_skel\trace\debug\light.obj
c:\users\neilb_000\desktop\depot\courses\4490\w17\assignments\a1f\a1\trace\trace_skel\trace\debug\camera.obj
c:\users\neilb_000\desktop\depot\courses\4490\w17\assignments\a1f\a1\trace\trace_skel\trace\debug\imageio.obj
c:\users\neilb_000\desktop\depot\courses\4490\w17\assignments\a1f\a1\trace\trace_skel\trace\debug\buffer.obj
c:\users\neilb_000\desktop\depot\courses\4490\w17\assignments\a1f\a1\trace\trace_skel\trace\debug\modelercamera.obj
c:\users\neilb_000\desktop\depot\courses\4490\w17\assignments\a1f\a1\trace\trace_skel\trace\debug\graphicalui.obj
c:\users\neilb_000\desktop\depot\courses\4490\w17\assignments\a1f\a1\trace\trace_skel\trace\debug\globjects.obj
c:\users\neilb_000\desktop\depot\courses\4490\w17\assignments\a1f\a1\trace\trace_skel\trace\debug\debuggingwindow.obj
c:\users\neilb_000\desktop\depot\courses\4490\w17\assignments\a1f\a1\trace\trace_skel\trace\debug\debuggingview.obj
c:\users\neilb_000\desktop\depot\courses\4490\w17\assignments\a1f\a1\trace\trace_skel\trace\debug\commandlineui.obj
c:\users\neilb_000\desktop\depot\courses\4490\w17\assignments\a1f\a1\trace\trace_skel\trace\debug\raytracer.obj
c:\users\neilb_000\desktop\depot\courses\4490\w17\assignments\a1f\a1\trace\trace_skel\trace\debug\main.obj
c:\users\neilb_000\desktop\depot\courses\4490\w17\assignments\a1f\a1\trace\trace_skel\trace\debug\getopt.obj
c:\users\neilb_000\desktop\depot\courses\4490\w17\assignments\a1f\a1\trace\trace_skel\trace\debug\traceglwindow.obj
c:\users\neilb_000\desktop\depot\courses\4490\w17\assignments\a1f\a1\trace\trace_skel\trace\debug\tokenizer.obj
c:\users\neilb_000\desktop\depot\courses\4490\w17\assignments\a1f\a1\trace\trace_skel\trace\debug\token.obj
c:\users\neilb_000\desktop\depot\courses\4490\w17\assignments\a1f\a1\trace\trace_skel\trace\debug\parserexception.obj
c:\users\neilb_000\desktop\depot\courses\4490\w17\assignments\a1f\a1\trace\trace_skel\trace\debug\parser.obj
c:\users\neilb_000\desktop\depot\courses\4490\w17\assignments\a1f\a1\trace\trace_skel\trace\debug\trimesh.obj
c:\users\neilb_000\desktop\depot\courses\4490\w17\assignments\a1f\a1\trace\trace_skel\trace\debug\square.obj
c:\users\neilb_000\desktop\depot\courses\4490\w17\assignments\a1f\a1\trace\trace_skel\trace\debug\ray.ilk
c:\users\neilb_000\desktop\depot\courses\4490\w17\assignments\a1f\a1\trace\trace_skel\trace\debug\ray.exe
c:\users\neilb_000\desktop\depot\courses\4490\w17\assignments\a1f\a1\trace\trace_skel\trace\debug\ray.pdb
c:\users\neilb_000\desktop\depot\courses\4490\w17\assignments\a1f\a1\trace\trace_skel\trace\.\debug\ray.exe
c:\users\neilb_000\desktop\depot\courses\4490\w17\assignments\a1f\a1\trace\trace_skel\trace\debug\ray.tlog\cl.command.1.tlog
c:\users\neilb_000\desktop\depot\courses\4490\w17\assignments\a1f\a1\trace\trace_skel\trace\debug\ray.tlog\cl.read.1.tlog
c:\users\neilb_000\desktop\depot\courses\4490\w17\assignments\a1f\a1\trace\trace_skel\trace\debug\ray.tlog\cl.write.1.tlog
c:\users\neilb_000\desktop\depot\courses\4490\w17\assignments\a1f\a1\trace\trace_skel\trace\debug\ray.tlog\link.command.1.tlog
c:\users\neilb_000\desktop\depot\courses\4490\w17\assignments\a1f\a1\trace\trace_skel\trace\debug\ray.tlog\link.read.1.tlog
c:\users\neilb_000\desktop\depot\courses\4490\w17\assignments\a1f\a1\trace\trace_skel\trace\debug\ray.tlog\link.write.1.tlog
