  Building Custom Rule C:/Users/neilb_000/Desktop/Depot/Courses/4490/W16/assignments/A1VS2015/A1/A1/trace/trace_skel/Trace/fltk-1.3.3/fluid/CMakeLists.txt
  CMake does not need to re-run because C:\Users\neilb_000\Desktop\Depot\Courses\4490\W16\assignments\A1VS2015\A1\A1\trace\trace_skel\Trace\fltk-1.3.3\build\fluid\CMakeFiles\generate.stamp is up-to-date.
  CodeEditor.cxx
  Fl_Function_Type.cxx
  Fl_Group_Type.cxx
  Fl_Menu_Type.cxx
  Fl_Type.cxx
  Fl_Widget_Type.cxx
  Fl_Window_Type.cxx
  Fluid_Image.cxx
  about_panel.cxx
  align_widget.cxx
  alignment_panel.cxx
  code.cxx
  factory.cxx
  file.cxx
  fluid.cxx
C:\Users\neilb_000\Desktop\Depot\Courses\4490\W16\assignments\A1VS2015\A1\A1\trace\trace_skel\Trace\fltk-1.3.3\fluid\fluid.cxx(132): warning C4996: '_chdir': The POSIX name for this item is deprecated. Instead, use the ISO C and C++ conformant name: _chdir. See online help for details.
  C:\Program Files (x86)\Windows Kits\10\Include\10.0.10240.0\ucrt\direct.h(73): note: see declaration of '_chdir'
C:\Users\neilb_000\Desktop\Depot\Courses\4490\W16\assignments\A1VS2015\A1\A1\trace\trace_skel\Trace\fltk-1.3.3\fluid\fluid.cxx(139): warning C4996: '_chdir': The POSIX name for this item is deprecated. Instead, use the ISO C and C++ conformant name: _chdir. See online help for details.
  C:\Program Files (x86)\Windows Kits\10\Include\10.0.10240.0\ucrt\direct.h(73): note: see declaration of '_chdir'
C:\Users\neilb_000\Desktop\Depot\Courses\4490\W16\assignments\A1VS2015\A1\A1\trace\trace_skel\Trace\fltk-1.3.3\fluid\fluid.cxx(268): warning C4996: 'mkdir': The POSIX name for this item is deprecated. Instead, use the ISO C and C++ conformant name: _mkdir. See online help for details.
  C:\Program Files (x86)\Windows Kits\10\Include\10.0.10240.0\ucrt\direct.h(108): note: see declaration of 'mkdir'
C:\Users\neilb_000\Desktop\Depot\Courses\4490\W16\assignments\A1VS2015\A1\A1\trace\trace_skel\Trace\fltk-1.3.3\fluid\fluid.cxx(622): warning C4996: '_unlink': The POSIX name for this item is deprecated. Instead, use the ISO C and C++ conformant name: _unlink. See online help for details.
  C:\Program Files (x86)\Windows Kits\10\Include\10.0.10240.0\ucrt\stdio.h(373): note: see declaration of '_unlink'
C:\Users\neilb_000\Desktop\Depot\Courses\4490\W16\assignments\A1VS2015\A1\A1\trace\trace_skel\Trace\fltk-1.3.3\fluid\fluid.cxx(813): warning C4996: '_unlink': The POSIX name for this item is deprecated. Instead, use the ISO C and C++ conformant name: _unlink. See online help for details.
  C:\Program Files (x86)\Windows Kits\10\Include\10.0.10240.0\ucrt\stdio.h(373): note: see declaration of '_unlink'
C:\Users\neilb_000\Desktop\Depot\Courses\4490\W16\assignments\A1VS2015\A1\A1\trace\trace_skel\Trace\fltk-1.3.3\fluid\fluid.cxx(1446): warning C4996: 'fileno': The POSIX name for this item is deprecated. Instead, use the ISO C and C++ conformant name: _fileno. See online help for details.
  C:\Program Files (x86)\Windows Kits\10\Include\10.0.10240.0\ucrt\stdio.h(2450): note: see declaration of 'fileno'
C:\Users\neilb_000\Desktop\Depot\Courses\4490\W16\assignments\A1VS2015\A1\A1\trace\trace_skel\Trace\fltk-1.3.3\fluid\fluid.cxx(1476): warning C4996: 'fileno': The POSIX name for this item is deprecated. Instead, use the ISO C and C++ conformant name: _fileno. See online help for details.
  C:\Program Files (x86)\Windows Kits\10\Include\10.0.10240.0\ucrt\stdio.h(2450): note: see declaration of 'fileno'
  function_panel.cxx
  template_panel.cxx
C:\Users\neilb_000\Desktop\Depot\Courses\4490\W16\assignments\A1VS2015\A1\A1\trace\trace_skel\Trace\fltk-1.3.3\fluid\template_panel.cxx(205): warning C4996: '_unlink': The POSIX name for this item is deprecated. Instead, use the ISO C and C++ conformant name: _unlink. See online help for details.
  C:\Program Files (x86)\Windows Kits\10\Include\10.0.10240.0\ucrt\stdio.h(373): note: see declaration of '_unlink'
  undo.cxx
C:\Users\neilb_000\Desktop\Depot\Courses\4490\W16\assignments\A1VS2015\A1\A1\trace\trace_skel\Trace\fltk-1.3.3\fluid\undo.cxx(162): warning C4996: '_unlink': The POSIX name for this item is deprecated. Instead, use the ISO C and C++ conformant name: _unlink. See online help for details.
  C:\Program Files (x86)\Windows Kits\10\Include\10.0.10240.0\ucrt\stdio.h(373): note: see declaration of '_unlink'
  widget_panel.cxx
  Generating Code...
  fluid.vcxproj -> C:\Users\neilb_000\Desktop\Depot\Courses\4490\W16\assignments\A1VS2015\A1\A1\trace\trace_skel\Trace\fltk-1.3.3\build\bin\Debug\fluid.exe
