c:\users\neilb_000\desktop\depot\courses\4490\w16\assignments\testfolder\a1p\trace\trace_skel\trace\release\sphere.obj
c:\users\neilb_000\desktop\depot\courses\4490\w16\assignments\testfolder\a1p\trace\trace_skel\trace\release\cylinder.obj
c:\users\neilb_000\desktop\depot\courses\4490\w16\assignments\testfolder\a1p\trace\trace_skel\trace\release\cone.obj
c:\users\neilb_000\desktop\depot\courses\4490\w16\assignments\testfolder\a1p\trace\trace_skel\trace\release\box.obj
c:\users\neilb_000\desktop\depot\courses\4490\w16\assignments\testfolder\a1p\trace\trace_skel\trace\release\scene.obj
c:\users\neilb_000\desktop\depot\courses\4490\w16\assignments\testfolder\a1p\trace\trace_skel\trace\release\ray.obj
c:\users\neilb_000\desktop\depot\courses\4490\w16\assignments\testfolder\a1p\trace\trace_skel\trace\release\material.obj
c:\users\neilb_000\desktop\depot\courses\4490\w16\assignments\testfolder\a1p\trace\trace_skel\trace\release\light.obj
c:\users\neilb_000\desktop\depot\courses\4490\w16\assignments\testfolder\a1p\trace\trace_skel\trace\release\camera.obj
c:\users\neilb_000\desktop\depot\courses\4490\w16\assignments\testfolder\a1p\trace\trace_skel\trace\release\imageio.obj
c:\users\neilb_000\desktop\depot\courses\4490\w16\assignments\testfolder\a1p\trace\trace_skel\trace\release\buffer.obj
c:\users\neilb_000\desktop\depot\courses\4490\w16\assignments\testfolder\a1p\trace\trace_skel\trace\release\modelercamera.obj
c:\users\neilb_000\desktop\depot\courses\4490\w16\assignments\testfolder\a1p\trace\trace_skel\trace\release\graphicalui.obj
c:\users\neilb_000\desktop\depot\courses\4490\w16\assignments\testfolder\a1p\trace\trace_skel\trace\release\globjects.obj
c:\users\neilb_000\desktop\depot\courses\4490\w16\assignments\testfolder\a1p\trace\trace_skel\trace\release\debuggingwindow.obj
c:\users\neilb_000\desktop\depot\courses\4490\w16\assignments\testfolder\a1p\trace\trace_skel\trace\release\debuggingview.obj
c:\users\neilb_000\desktop\depot\courses\4490\w16\assignments\testfolder\a1p\trace\trace_skel\trace\release\commandlineui.obj
c:\users\neilb_000\desktop\depot\courses\4490\w16\assignments\testfolder\a1p\trace\trace_skel\trace\release\raytracer.obj
c:\users\neilb_000\desktop\depot\courses\4490\w16\assignments\testfolder\a1p\trace\trace_skel\trace\release\main.obj
c:\users\neilb_000\desktop\depot\courses\4490\w16\assignments\testfolder\a1p\trace\trace_skel\trace\release\getopt.obj
c:\users\neilb_000\desktop\depot\courses\4490\w16\assignments\testfolder\a1p\trace\trace_skel\trace\release\traceglwindow.obj
c:\users\neilb_000\desktop\depot\courses\4490\w16\assignments\testfolder\a1p\trace\trace_skel\trace\release\tokenizer.obj
c:\users\neilb_000\desktop\depot\courses\4490\w16\assignments\testfolder\a1p\trace\trace_skel\trace\release\token.obj
c:\users\neilb_000\desktop\depot\courses\4490\w16\assignments\testfolder\a1p\trace\trace_skel\trace\release\parserexception.obj
c:\users\neilb_000\desktop\depot\courses\4490\w16\assignments\testfolder\a1p\trace\trace_skel\trace\release\parser.obj
c:\users\neilb_000\desktop\depot\courses\4490\w16\assignments\testfolder\a1p\trace\trace_skel\trace\release\trimesh.obj
c:\users\neilb_000\desktop\depot\courses\4490\w16\assignments\testfolder\a1p\trace\trace_skel\trace\release\square.obj
c:\users\neilb_000\desktop\depot\courses\4490\w16\assignments\testfolder\a1p\trace\trace_skel\trace\release\vc110.pdb
c:\users\neilb_000\desktop\depot\courses\4490\w16\assignments\testfolder\a1p\trace\trace_skel\trace\release\ray.exe
c:\users\neilb_000\desktop\depot\courses\4490\w16\assignments\testfolder\a1p\trace\trace_skel\trace\release\ray.map
c:\users\kmath\documents\cs\comp 4490\a1\trace\trace_skel\trace\release\vc140.pdb
c:\users\kmath\documents\cs\comp 4490\a1\trace\trace_skel\trace\release\material.obj
c:\users\kmath\documents\cs\comp 4490\a1\trace\trace_skel\trace\release\light.obj
c:\users\kmath\documents\cs\comp 4490\a1\trace\trace_skel\trace\release\trimesh.obj
c:\users\kmath\documents\cs\comp 4490\a1\trace\trace_skel\trace\release\globjects.obj
c:\users\kmath\documents\cs\comp 4490\a1\trace\trace_skel\trace\release\debuggingview.obj
c:\users\kmath\documents\cs\comp 4490\a1\trace\trace_skel\trace\release\scene.obj
c:\users\kmath\documents\cs\comp 4490\a1\trace\trace_skel\trace\release\parser.obj
c:\users\kmath\documents\cs\comp 4490\a1\trace\trace_skel\trace\release\buffer.obj
c:\users\kmath\documents\cs\comp 4490\a1\trace\trace_skel\trace\release\raytracer.obj
c:\users\kmath\documents\cs\comp 4490\a1\trace\trace_skel\trace\release\commandlineui.obj
c:\users\kmath\documents\cs\comp 4490\a1\trace\trace_skel\trace\release\traceglwindow.obj
c:\users\kmath\documents\cs\comp 4490\a1\trace\trace_skel\trace\release\graphicalui.obj
c:\users\kmath\documents\cs\comp 4490\a1\trace\trace_skel\trace\release\main.obj
c:\users\kmath\documents\cs\comp 4490\a1\trace\trace_skel\trace\release\ray.obj
c:\users\kmath\documents\cs\comp 4490\a1\trace\trace_skel\trace\release\camera.obj
c:\users\kmath\documents\cs\comp 4490\a1\trace\trace_skel\trace\release\square.obj
c:\users\kmath\documents\cs\comp 4490\a1\trace\trace_skel\trace\release\sphere.obj
c:\users\kmath\documents\cs\comp 4490\a1\trace\trace_skel\trace\release\cylinder.obj
c:\users\kmath\documents\cs\comp 4490\a1\trace\trace_skel\trace\release\cone.obj
c:\users\kmath\documents\cs\comp 4490\a1\trace\trace_skel\trace\release\box.obj
c:\users\kmath\documents\cs\comp 4490\a1\trace\trace_skel\trace\release\imageio.obj
c:\users\kmath\documents\cs\comp 4490\a1\trace\trace_skel\trace\release\modelercamera.obj
c:\users\kmath\documents\cs\comp 4490\a1\trace\trace_skel\trace\release\debuggingwindow.obj
c:\users\kmath\documents\cs\comp 4490\a1\trace\trace_skel\trace\release\getopt.obj
c:\users\kmath\documents\cs\comp 4490\a1\trace\trace_skel\trace\release\tokenizer.obj
c:\users\kmath\documents\cs\comp 4490\a1\trace\trace_skel\trace\release\token.obj
c:\users\kmath\documents\cs\comp 4490\a1\trace\trace_skel\trace\release\parserexception.obj
c:\users\kmath\documents\cs\comp 4490\a1\trace\trace_skel\trace\release\ray.exe
c:\users\kmath\documents\cs\comp 4490\a1\trace\trace_skel\trace\release\ray.map
c:\users\kmath\documents\cs\comp 4490\a1\trace\trace_skel\trace\release\ray.pdb
c:\users\kmath\documents\cs\comp 4490\a1\trace\trace_skel\trace\.\release\ray.exe
