  Building Custom Rule C:/Users/neilb_000/Desktop/Depot/Courses/4490/W16/assignments/A1VS2015/A1/A1/trace/trace_skel/Trace/fltk-1.3.3/zlib/CMakeLists.txt
  CMake does not need to re-run because C:\Users\neilb_000\Desktop\Depot\Courses\4490\W16\assignments\A1VS2015\A1\A1\trace\trace_skel\Trace\fltk-1.3.3\build\zlib\CMakeFiles\generate.stamp is up-to-date.
  adler32.c
  compress.c
  crc32.c
  deflate.c
  gzclose.c
  gzlib.c
C:\Users\neilb_000\Desktop\Depot\Courses\4490\W16\assignments\A1VS2015\A1\A1\trace\trace_skel\Trace\fltk-1.3.3\zlib\gzlib.c(160): warning C4996: 'open': The POSIX name for this item is deprecated. Instead, use the ISO C and C++ conformant name: _open. See online help for details.
  C:\Program Files (x86)\Windows Kits\10\Include\10.0.10240.0\ucrt\corecrt_io.h(514): note: see declaration of 'open'
C:\Users\neilb_000\Desktop\Depot\Courses\4490\W16\assignments\A1VS2015\A1\A1\trace\trace_skel\Trace\fltk-1.3.3\zlib\gzlib.c(184): warning C4996: 'lseek': The POSIX name for this item is deprecated. Instead, use the ISO C and C++ conformant name: _lseek. See online help for details.
  C:\Program Files (x86)\Windows Kits\10\Include\10.0.10240.0\ucrt\corecrt_io.h(501): note: see declaration of 'lseek'
C:\Users\neilb_000\Desktop\Depot\Courses\4490\W16\assignments\A1VS2015\A1\A1\trace\trace_skel\Trace\fltk-1.3.3\zlib\gzlib.c(268): warning C4996: 'lseek': The POSIX name for this item is deprecated. Instead, use the ISO C and C++ conformant name: _lseek. See online help for details.
  C:\Program Files (x86)\Windows Kits\10\Include\10.0.10240.0\ucrt\corecrt_io.h(501): note: see declaration of 'lseek'
C:\Users\neilb_000\Desktop\Depot\Courses\4490\W16\assignments\A1VS2015\A1\A1\trace\trace_skel\Trace\fltk-1.3.3\zlib\gzlib.c(309): warning C4996: 'lseek': The POSIX name for this item is deprecated. Instead, use the ISO C and C++ conformant name: _lseek. See online help for details.
  C:\Program Files (x86)\Windows Kits\10\Include\10.0.10240.0\ucrt\corecrt_io.h(501): note: see declaration of 'lseek'
C:\Users\neilb_000\Desktop\Depot\Courses\4490\W16\assignments\A1VS2015\A1\A1\trace\trace_skel\Trace\fltk-1.3.3\zlib\gzlib.c(404): warning C4996: 'lseek': The POSIX name for this item is deprecated. Instead, use the ISO C and C++ conformant name: _lseek. See online help for details.
  C:\Program Files (x86)\Windows Kits\10\Include\10.0.10240.0\ucrt\corecrt_io.h(501): note: see declaration of 'lseek'
  gzread.c
C:\Users\neilb_000\Desktop\Depot\Courses\4490\W16\assignments\A1VS2015\A1\A1\trace\trace_skel\Trace\fltk-1.3.3\zlib\gzread.c(31): warning C4996: 'read': The POSIX name for this item is deprecated. Instead, use the ISO C and C++ conformant name: _read. See online help for details.
  C:\Program Files (x86)\Windows Kits\10\Include\10.0.10240.0\ucrt\corecrt_io.h(521): note: see declaration of 'read'
C:\Users\neilb_000\Desktop\Depot\Courses\4490\W16\assignments\A1VS2015\A1\A1\trace\trace_skel\Trace\fltk-1.3.3\zlib\gzread.c(650): warning C4996: 'close': The POSIX name for this item is deprecated. Instead, use the ISO C and C++ conformant name: _close. See online help for details.
  C:\Program Files (x86)\Windows Kits\10\Include\10.0.10240.0\ucrt\corecrt_io.h(457): note: see declaration of 'close'
  gzwrite.c
C:\Users\neilb_000\Desktop\Depot\Courses\4490\W16\assignments\A1VS2015\A1\A1\trace\trace_skel\Trace\fltk-1.3.3\zlib\gzwrite.c(79): warning C4996: 'write': The POSIX name for this item is deprecated. Instead, use the ISO C and C++ conformant name: _write. See online help for details.
  C:\Program Files (x86)\Windows Kits\10\Include\10.0.10240.0\ucrt\corecrt_io.h(556): note: see declaration of 'write'
C:\Users\neilb_000\Desktop\Depot\Courses\4490\W16\assignments\A1VS2015\A1\A1\trace\trace_skel\Trace\fltk-1.3.3\zlib\gzwrite.c(528): warning C4996: 'close': The POSIX name for this item is deprecated. Instead, use the ISO C and C++ conformant name: _close. See online help for details.
  C:\Program Files (x86)\Windows Kits\10\Include\10.0.10240.0\ucrt\corecrt_io.h(457): note: see declaration of 'close'
  inffast.c
  infback.c
  inflate.c
  inftrees.c
  trees.c
  uncompr.c
  zutil.c
  Generating Code...
  fltk_z.vcxproj -> C:\Users\neilb_000\Desktop\Depot\Courses\4490\W16\assignments\A1VS2015\A1\A1\trace\trace_skel\Trace\fltk-1.3.3\build\lib\Release\fltk_z.lib
