Build started 1/21/2016 12:35:18 AM.
     1>Project "C:\Users\neilb_000\Desktop\Depot\Courses\4490\W15\assignments\markingold\Assignment 2 Submissions Download Feb 11, 2015 117 PM\9604-15935 - Patrick Murphy - Feb 23, 2014 959 PM - A2\fltk-1.3.3\ide\VisualC2010\zlib.vcxproj" on node 2 (Build target(s)).
     1>ClCompile:
         C:\Program Files (x86)\Microsoft Visual Studio 11.0\VC\bin\CL.exe /c /I. /I..\..\zlib /I..\..\png /I..\..\jpeg /I../.. /Zi /nologo /W1 /WX- /Od /Ob2 /Oy- /D _CRT_SECURE_NO_DEPRECATE /D WIN32 /D NDEBUG /D _WINDOWS /D WIN32_LEAN_AND_MEAN /D VC_EXTRA_LEAN /D WIN32_EXTRA_LEAN /D _VC80_UPGRADE=0x0710 /Gm- /EHsc /MD /GS /fp:precise /Zc:wchar_t /Zc:forScope /Fo".\fltkzlib_release\\" /Fd".\fltkzlib_release\vc110.pdb" /Gd /TC /analyze- /errorReport:prompt ..\..\zlib\adler32.c ..\..\zlib\compress.c ..\..\zlib\crc32.c ..\..\zlib\deflate.c ..\..\zlib\gzclose.c ..\..\zlib\gzlib.c ..\..\zlib\gzread.c ..\..\zlib\gzwrite.c ..\..\zlib\infback.c ..\..\zlib\inffast.c ..\..\zlib\inflate.c ..\..\zlib\inftrees.c ..\..\zlib\trees.c ..\..\zlib\uncompr.c ..\..\zlib\zutil.c
         adler32.c
         compress.c
         crc32.c
         deflate.c
         gzclose.c
         gzlib.c
         gzread.c
         gzwrite.c
         infback.c
         inffast.c
         inflate.c
         inftrees.c
         trees.c
         uncompr.c
         zutil.c
         Generating Code...
       Lib:
         C:\Program Files (x86)\Microsoft Visual Studio 11.0\VC\bin\Lib.exe /OUT:"..\..\lib\fltkzlib.lib" /NOLOGO .\fltkzlib_release\adler32.obj
         .\fltkzlib_release\compress.obj
         .\fltkzlib_release\crc32.obj
         .\fltkzlib_release\deflate.obj
         .\fltkzlib_release\gzclose.obj
         .\fltkzlib_release\gzlib.obj
         .\fltkzlib_release\gzread.obj
         .\fltkzlib_release\gzwrite.obj
         .\fltkzlib_release\infback.obj
         .\fltkzlib_release\inffast.obj
         .\fltkzlib_release\inflate.obj
         .\fltkzlib_release\inftrees.obj
         .\fltkzlib_release\trees.obj
         .\fltkzlib_release\uncompr.obj
         .\fltkzlib_release\zutil.obj
         zlib.vcxproj -> C:\Users\neilb_000\Desktop\Depot\Courses\4490\W15\assignments\markingold\Assignment 2 Submissions Download Feb 11, 2015 117 PM\9604-15935 - Patrick Murphy - Feb 23, 2014 959 PM - A2\fltk-1.3.3\ide\VisualC2010\..\..\lib\fltkzlib.lib
     1>Done Building Project "C:\Users\neilb_000\Desktop\Depot\Courses\4490\W15\assignments\markingold\Assignment 2 Submissions Download Feb 11, 2015 117 PM\9604-15935 - Patrick Murphy - Feb 23, 2014 959 PM - A2\fltk-1.3.3\ide\VisualC2010\zlib.vcxproj" (Build target(s)).

Build succeeded.

Time Elapsed 00:00:01.81
